# JRE version: OpenJDK Runtime Environment (8.0_152-b01) (build 1.8.0_152-release-915-b01)
# Java VM: OpenJDK 64-Bit Server VM (25.152-b01 mixed mode linux-amd64 compressed oops)
Heap:
 PSYoungGen      total 476672K, used 59891K [0x000000076ab00000, 0x000000078f300000, 0x00000007c0000000)
  eden space 416768K, 0% used [0x000000076ab00000,0x000000076ab00000,0x0000000784200000)
  from space 59904K, 99% used [0x0000000787e00000,0x000000078b87cd18,0x000000078b880000)
  to   space 49152K, 0% used [0x000000078c300000,0x000000078c300000,0x000000078f300000)
 ParOldGen       total 157184K, used 141582K [0x00000006c0000000, 0x00000006c9980000, 0x000000076ab00000)
  object space 157184K, 90% used [0x00000006c0000000,0x00000006c8a43868,0x00000006c9980000)
 Metaspace       used 6576K, capacity 7320K, committed 7680K, reserved 1056768K
  class space    used 608K, capacity 656K, committed 768K, reserved 1048576K
GC Heap History (10 events):
Event: 1,299 GC heap after
Heap after GC invocations=5 (full 0):
 PSYoungGen      total 132096K, used 5113K [0x000000076ab00000, 0x000000077d400000, 0x00000007c0000000)
  eden space 126976K, 0% used [0x000000076ab00000,0x000000076ab00000,0x0000000772700000)
  from space 5120K, 99% used [0x0000000772700000,0x0000000772bfe7f0,0x0000000772c00000)
  to   space 25088K, 0% used [0x000000077bb80000,0x000000077bb80000,0x000000077d400000)
 ParOldGen       total 84992K, used 45949K [0x00000006c0000000, 0x00000006c5300000, 0x000000076ab00000)
  object space 84992K, 54% used [0x00000006c0000000,0x00000006c2cdf730,0x00000006c5300000)
 Metaspace       used 6369K, capacity 7192K, committed 7424K, reserved 1056768K
  class space    used 606K, capacity 656K, committed 768K, reserved 1048576K
}
Event: 1,595 GC heap before
{Heap before GC invocations=6 (full 0):
 PSYoungGen      total 132096K, used 132089K [0x000000076ab00000, 0x000000077d400000, 0x00000007c0000000)
  eden space 126976K, 100% used [0x000000076ab00000,0x0000000772700000,0x0000000772700000)
  from space 5120K, 99% used [0x0000000772700000,0x0000000772bfe7f0,0x0000000772c00000)
  to   space 25088K, 0% used [0x000000077bb80000,0x000000077bb80000,0x000000077d400000)
 ParOldGen       total 84992K, used 45949K [0x00000006c0000000, 0x00000006c5300000, 0x000000076ab00000)
  object space 84992K, 54% used [0x00000006c0000000,0x00000006c2cdf730,0x00000006c5300000)
 Metaspace       used 6445K, capacity 7256K, committed 7424K, reserved 1056768K
  class space    used 606K, capacity 656K, committed 768K, reserved 1048576K
Event: 1,627 GC heap after
Heap after GC invocations=6 (full 0):
 PSYoungGen      total 274944K, used 24933K [0x000000076ab00000, 0x000000077dc00000, 0x00000007c0000000)
  eden space 249856K, 0% used [0x000000076ab00000,0x000000076ab00000,0x0000000779f00000)
  from space 25088K, 99% used [0x000000077bb80000,0x000000077d3d9410,0x000000077d400000)
  to   space 29184K, 0% used [0x0000000779f00000,0x0000000779f00000,0x000000077bb80000)
 ParOldGen       total 84992K, used 45949K [0x00000006c0000000, 0x00000006c5300000, 0x000000076ab00000)
  object space 84992K, 54% used [0x00000006c0000000,0x00000006c2cdf730,0x00000006c5300000)
 Metaspace       used 6445K, capacity 7256K, committed 7424K, reserved 1056768K
  class space    used 606K, capacity 656K, committed 768K, reserved 1048576K
}
Event: 2,400 GC heap before
{Heap before GC invocations=7 (full 0):
 PSYoungGen      total 274944K, used 274789K [0x000000076ab00000, 0x000000077dc00000, 0x00000007c0000000)
  eden space 249856K, 100% used [0x000000076ab00000,0x0000000779f00000,0x0000000779f00000)
  from space 25088K, 99% used [0x000000077bb80000,0x000000077d3d9410,0x000000077d400000)
  to   space 29184K, 0% used [0x0000000779f00000,0x0000000779f00000,0x000000077bb80000)
 ParOldGen       total 84992K, used 45949K [0x00000006c0000000, 0x00000006c5300000, 0x000000076ab00000)
  object space 84992K, 54% used [0x00000006c0000000,0x00000006c2cdf730,0x00000006c5300000)
 Metaspace       used 6511K, capacity 7256K, committed 7424K, reserved 1056768K
  class space    used 606K, capacity 656K, committed 768K, reserved 1048576K
Event: 2,975 GC heap after
Heap after GC invocations=7 (full 0):
 PSYoungGen      total 279040K, used 29158K [0x000000076ab00000, 0x000000078f300000, 0x00000007c0000000)
  eden space 249856K, 0% used [0x000000076ab00000,0x000000076ab00000,0x0000000779f00000)
  from space 29184K, 99% used [0x0000000779f00000,0x000000077bb79910,0x000000077bb80000)
  to   space 49152K, 0% used [0x000000078c300000,0x000000078c300000,0x000000078f300000)
 ParOldGen       total 84992K, used 76161K [0x00000006c0000000, 0x00000006c5300000, 0x000000076ab00000)
  object space 84992K, 89% used [0x00000006c0000000,0x00000006c4a60568,0x00000006c5300000)
 Metaspace       used 6511K, capacity 7256K, committed 7424K, reserved 1056768K
  class space    used 606K, capacity 656K, committed 768K, reserved 1048576K
}
Event: 2,978 GC heap before
{Heap before GC invocations=8 (full 1):
 PSYoungGen      total 279040K, used 29158K [0x000000076ab00000, 0x000000078f300000, 0x00000007c0000000)
  eden space 249856K, 0% used [0x000000076ab00000,0x000000076ab00000,0x0000000779f00000)
  from space 29184K, 99% used [0x0000000779f00000,0x000000077bb79910,0x000000077bb80000)
  to   space 49152K, 0% used [0x000000078c300000,0x000000078c300000,0x000000078f300000)
 ParOldGen       total 84992K, used 76161K [0x00000006c0000000, 0x00000006c5300000, 0x000000076ab00000)
  object space 84992K, 89% used [0x00000006c0000000,0x00000006c4a60568,0x00000006c5300000)
 Metaspace       used 6511K, capacity 7256K, committed 7424K, reserved 1056768K
  class space    used 606K, capacity 656K, committed 768K, reserved 1048576K
Event: 3,296 GC heap after
Heap after GC invocations=8 (full 1):
 PSYoungGen      total 279040K, used 13752K [0x000000076ab00000, 0x000000078f300000, 0x00000007c0000000)
  eden space 249856K, 0% used [0x000000076ab00000,0x000000076ab00000,0x0000000779f00000)
  from space 29184K, 47% used [0x0000000779f00000,0x000000077ac6e0c8,0x000000077bb80000)
  to   space 49152K, 0% used [0x000000078c300000,0x000000078c300000,0x000000078f300000)
 ParOldGen       total 157184K, used 84873K [0x00000006c0000000, 0x00000006c9980000, 0x000000076ab00000)
  object space 157184K, 53% used [0x00000006c0000000,0x00000006c52e2400,0x00000006c9980000)
 Metaspace       used 6511K, capacity 7256K, committed 7424K, reserved 1056768K
  class space    used 606K, capacity 656K, committed 768K, reserved 1048576K
}
Event: 4,610 GC heap before
{Heap before GC invocations=9 (full 1):
 PSYoungGen      total 279040K, used 263608K [0x000000076ab00000, 0x000000078f300000, 0x00000007c0000000)
  eden space 249856K, 100% used [0x000000076ab00000,0x0000000779f00000,0x0000000779f00000)
  from space 29184K, 47% used [0x0000000779f00000,0x000000077ac6e0c8,0x000000077bb80000)
  to   space 49152K, 0% used [0x000000078c300000,0x000000078c300000,0x000000078f300000)
 ParOldGen       total 157184K, used 84873K [0x00000006c0000000, 0x00000006c9980000, 0x000000076ab00000)
  object space 157184K, 53% used [0x00000006c0000000,0x00000006c52e2400,0x00000006c9980000)
 Metaspace       used 6563K, capacity 7256K, committed 7424K, reserved 1056768K
  class space    used 607K, capacity 656K, committed 768K, reserved 1048576K
Event: 5,297 GC heap after
Heap after GC invocations=9 (full 1):
 PSYoungGen      total 465920K, used 49130K [0x000000076ab00000, 0x000000078f300000, 0x00000007c0000000)
  eden space 416768K, 0% used [0x000000076ab00000,0x000000076ab00000,0x0000000784200000)
  from space 49152K, 99% used [0x000000078c300000,0x000000078f2fab78,0x000000078f300000)
  to   space 59904K, 0% used [0x0000000787e00000,0x0000000787e00000,0x000000078b880000)
 ParOldGen       total 157184K, used 89365K [0x00000006c0000000, 0x00000006c9980000, 0x000000076ab00000)
  object space 157184K, 56% used [0x00000006c0000000,0x00000006c5745558,0x00000006c9980000)
 Metaspace       used 6563K, capacity 7256K, committed 7424K, reserved 1056768K
  class space    used 607K, capacity 656K, committed 768K, reserved 1048576K
}
Event: 7,087 GC heap before
{Heap before GC invocations=10 (full 1):
 PSYoungGen      total 465920K, used 465898K [0x000000076ab00000, 0x000000078f300000, 0x00000007c0000000)
  eden space 416768K, 100% used [0x000000076ab00000,0x0000000784200000,0x0000000784200000)
  from space 49152K, 99% used [0x000000078c300000,0x000000078f2fab78,0x000000078f300000)
  to   space 59904K, 0% used [0x0000000787e00000,0x0000000787e00000,0x000000078b880000)
 ParOldGen       total 157184K, used 89365K [0x00000006c0000000, 0x00000006c9980000, 0x000000076ab00000)
  object space 157184K, 56% used [0x00000006c0000000,0x00000006c5745558,0x00000006c9980000)
 Metaspace       used 6576K, capacity 7320K, committed 7680K, reserved 1056768K
  class space    used 608K, capacity 656K, committed 768K, reserved 1048576K

