# JRE version: OpenJDK Runtime Environment (8.0_152-b01) (build 1.8.0_152-release-915-b01)
# Java VM: OpenJDK 64-Bit Server VM (25.152-b01 mixed mode linux-amd64 compressed oops)
Heap:
 PSYoungGen      total 658432K, used 70752K [0x000000076ab00000, 0x00000007a5600000, 0x00000007c0000000)
  eden space 544256K, 0% used [0x000000076ab00000,0x000000076ab00000,0x000000078be80000)
  from space 114176K, 61% used [0x000000078be80000,0x00000007903980e0,0x0000000792e00000)
  to   space 121344K, 0% used [0x000000079df80000,0x000000079df80000,0x00000007a5600000)
 ParOldGen       total 272896K, used 272677K [0x00000006c0000000, 0x00000006d0a80000, 0x000000076ab00000)
  object space 272896K, 99% used [0x00000006c0000000,0x00000006d0a49438,0x00000006d0a80000)
 Metaspace       used 6612K, capacity 7320K, committed 7680K, reserved 1056768K
  class space    used 608K, capacity 656K, committed 768K, reserved 1048576K
GC Heap History (10 events):
Event: 4,171 GC heap after
Heap after GC invocations=9 (full 1):
 PSYoungGen      total 451072K, used 48623K [0x000000076ab00000, 0x000000078f200000, 0x00000007c0000000)
  eden space 402432K, 0% used [0x000000076ab00000,0x000000076ab00000,0x0000000783400000)
  from space 48640K, 99% used [0x000000078c280000,0x000000078f1fbc88,0x000000078f200000)
  to   space 60416K, 0% used [0x0000000787c00000,0x0000000787c00000,0x000000078b700000)
 ParOldGen       total 158208K, used 91951K [0x00000006c0000000, 0x00000006c9a80000, 0x000000076ab00000)
  object space 158208K, 58% used [0x00000006c0000000,0x00000006c59cbe90,0x00000006c9a80000)
 Metaspace       used 6568K, capacity 7256K, committed 7424K, reserved 1056768K
  class space    used 607K, capacity 656K, committed 768K, reserved 1048576K
}
Event: 5,525 GC heap before
{Heap before GC invocations=10 (full 1):
 PSYoungGen      total 451072K, used 451055K [0x000000076ab00000, 0x000000078f200000, 0x00000007c0000000)
  eden space 402432K, 100% used [0x000000076ab00000,0x0000000783400000,0x0000000783400000)
  from space 48640K, 99% used [0x000000078c280000,0x000000078f1fbc88,0x000000078f200000)
  to   space 60416K, 0% used [0x0000000787c00000,0x0000000787c00000,0x000000078b700000)
 ParOldGen       total 158208K, used 91951K [0x00000006c0000000, 0x00000006c9a80000, 0x000000076ab00000)
  object space 158208K, 58% used [0x00000006c0000000,0x00000006c59cbe90,0x00000006c9a80000)
 Metaspace       used 6591K, capacity 7320K, committed 7680K, reserved 1056768K
  class space    used 607K, capacity 656K, committed 768K, reserved 1048576K
Event: 6,552 GC heap after
Heap after GC invocations=10 (full 1):
 PSYoungGen      total 536576K, used 60393K [0x000000076ab00000, 0x0000000798680000, 0x00000007c0000000)
  eden space 476160K, 0% used [0x000000076ab00000,0x000000076ab00000,0x0000000787c00000)
  from space 60416K, 99% used [0x0000000787c00000,0x000000078b6fa7c8,0x000000078b700000)
  to   space 90624K, 0% used [0x0000000792e00000,0x0000000792e00000,0x0000000798680000)
 ParOldGen       total 158208K, used 142365K [0x00000006c0000000, 0x00000006c9a80000, 0x000000076ab00000)
  object space 158208K, 89% used [0x00000006c0000000,0x00000006c8b07668,0x00000006c9a80000)
 Metaspace       used 6591K, capacity 7320K, committed 7680K, reserved 1056768K
  class space    used 607K, capacity 656K, committed 768K, reserved 1048576K
}
Event: 6,552 GC heap before
{Heap before GC invocations=11 (full 2):
 PSYoungGen      total 536576K, used 60393K [0x000000076ab00000, 0x0000000798680000, 0x00000007c0000000)
  eden space 476160K, 0% used [0x000000076ab00000,0x000000076ab00000,0x0000000787c00000)
  from space 60416K, 99% used [0x0000000787c00000,0x000000078b6fa7c8,0x000000078b700000)
  to   space 90624K, 0% used [0x0000000792e00000,0x0000000792e00000,0x0000000798680000)
 ParOldGen       total 158208K, used 142365K [0x00000006c0000000, 0x00000006c9a80000, 0x000000076ab00000)
  object space 158208K, 89% used [0x00000006c0000000,0x00000006c8b07668,0x00000006c9a80000)
 Metaspace       used 6591K, capacity 7320K, committed 7680K, reserved 1056768K
  class space    used 607K, capacity 656K, committed 768K, reserved 1048576K
Event: 7,976 GC heap after
Heap after GC invocations=11 (full 2):
 PSYoungGen      total 536576K, used 38264K [0x000000076ab00000, 0x0000000798680000, 0x00000007c0000000)
  eden space 476160K, 0% used [0x000000076ab00000,0x000000076ab00000,0x0000000787c00000)
  from space 60416K, 63% used [0x0000000787c00000,0x000000078a15e320,0x000000078b700000)
  to   space 90624K, 0% used [0x0000000792e00000,0x0000000792e00000,0x0000000798680000)
 ParOldGen       total 264704K, used 157831K [0x00000006c0000000, 0x00000006d0280000, 0x000000076ab00000)
  object space 264704K, 59% used [0x00000006c0000000,0x00000006c9a21d50,0x00000006d0280000)
 Metaspace       used 6591K, capacity 7320K, committed 7680K, reserved 1056768K
  class space    used 607K, capacity 656K, committed 768K, reserved 1048576K
}
Event: 28,631 GC heap before
{Heap before GC invocations=12 (full 2):
 PSYoungGen      total 536576K, used 514424K [0x000000076ab00000, 0x0000000798680000, 0x00000007c0000000)
  eden space 476160K, 100% used [0x000000076ab00000,0x0000000787c00000,0x0000000787c00000)
  from space 60416K, 63% used [0x0000000787c00000,0x000000078a15e320,0x000000078b700000)
  to   space 90624K, 0% used [0x0000000792e00000,0x0000000792e00000,0x0000000798680000)
 ParOldGen       total 264704K, used 157831K [0x00000006c0000000, 0x00000006d0280000, 0x000000076ab00000)
  object space 264704K, 59% used [0x00000006c0000000,0x00000006c9a21d50,0x00000006d0280000)
 Metaspace       used 6606K, capacity 7320K, committed 7680K, reserved 1056768K
  class space    used 608K, capacity 656K, committed 768K, reserved 1048576K
Event: 45,015 GC heap after
Heap after GC invocations=12 (full 2):
 PSYoungGen      total 634880K, used 90598K [0x000000076ab00000, 0x000000079ef80000, 0x00000007c0000000)
  eden space 544256K, 0% used [0x000000076ab00000,0x000000076ab00000,0x000000078be80000)
  from space 90624K, 99% used [0x0000000792e00000,0x0000000798679be8,0x0000000798680000)
  to   space 114176K, 0% used [0x000000078be80000,0x000000078be80000,0x0000000792e00000)
 ParOldGen       total 264704K, used 180534K [0x00000006c0000000, 0x00000006d0280000, 0x000000076ab00000)
  object space 264704K, 68% used [0x00000006c0000000,0x00000006cb04d8d0,0x00000006d0280000)
 Metaspace       used 6606K, capacity 7320K, committed 7680K, reserved 1056768K
  class space    used 608K, capacity 656K, committed 768K, reserved 1048576K
}
Event: 45,681 GC heap before
{Heap before GC invocations=13 (full 2):
 PSYoungGen      total 634880K, used 634854K [0x000000076ab00000, 0x000000079ef80000, 0x00000007c0000000)
  eden space 544256K, 100% used [0x000000076ab00000,0x000000078be80000,0x000000078be80000)
  from space 90624K, 99% used [0x0000000792e00000,0x0000000798679be8,0x0000000798680000)
  to   space 114176K, 0% used [0x000000078be80000,0x000000078be80000,0x0000000792e00000)
 ParOldGen       total 264704K, used 180534K [0x00000006c0000000, 0x00000006d0280000, 0x000000076ab00000)
  object space 264704K, 68% used [0x00000006c0000000,0x00000006cb04d8d0,0x00000006d0280000)
 Metaspace       used 6612K, capacity 7320K, committed 7680K, reserved 1056768K
  class space    used 608K, capacity 656K, committed 768K, reserved 1048576K
Event: 45,923 GC heap after
Heap after GC invocations=13 (full 2):
 PSYoungGen      total 658432K, used 81458K [0x000000076ab00000, 0x00000007a5600000, 0x00000007c0000000)
  eden space 544256K, 0% used [0x000000076ab00000,0x000000076ab00000,0x000000078be80000)
  from space 114176K, 71% used [0x000000078be80000,0x0000000790e0c8c0,0x0000000792e00000)
  to   space 121344K, 0% used [0x000000079df80000,0x000000079df80000,0x00000007a5600000)
 ParOldGen       total 272896K, used 271092K [0x00000006c0000000, 0x00000006d0a80000, 0x000000076ab00000)
  object space 272896K, 99% used [0x00000006c0000000,0x00000006d08bd1c8,0x00000006d0a80000)
 Metaspace       used 6612K, capacity 7320K, committed 7680K, reserved 1056768K
  class space    used 608K, capacity 656K, committed 768K, reserved 1048576K
}
Event: 45,926 GC heap before
{Heap before GC invocations=14 (full 3):
 PSYoungGen      total 658432K, used 81458K [0x000000076ab00000, 0x00000007a5600000, 0x00000007c0000000)
  eden space 544256K, 0% used [0x000000076ab00000,0x000000076ab00000,0x000000078be80000)
  from space 114176K, 71% used [0x000000078be80000,0x0000000790e0c8c0,0x0000000792e00000)
  to   space 121344K, 0% used [0x000000079df80000,0x000000079df80000,0x00000007a5600000)
 ParOldGen       total 272896K, used 271092K [0x00000006c0000000, 0x00000006d0a80000, 0x000000076ab00000)
  object space 272896K, 99% used [0x00000006c0000000,0x00000006d08bd1c8,0x00000006d0a80000)
 Metaspace       used 6612K, capacity 7320K, committed 7680K, reserved 1056768K
  class space    used 608K, capacity 656K, committed 768K, reserved 1048576K

